[2025-09-12T20:18:08.636Z] LOG_FILE=C:\Users\LENOVO\Documents\medplayapp\medplay-web\.logs\notify-password-changes.log
[2025-09-12T20:18:08.638Z] == inicio notify-password-changes ==
[2025-09-12T20:18:08.640Z] items recibidos: 1
[2025-09-12T20:18:08.643Z] BAT_PATH=C:\Users\LENOVO\Documents\medplayapp\medplay-web\bat\start-edge-wa.bat
[2025-09-12T20:18:09.881Z] Esperando CDP en 127.0.0.1:9222...
[2025-09-12T20:18:10.123Z] CDP ok: true
[2025-09-12T20:18:10.123Z] Conectando a Edge vía CDP...
[2025-09-12T20:18:10.821Z] CDP conectado.
[2025-09-12T20:18:10.876Z] DB: conectado
[2025-09-12T20:18:10.878Z] Correos a consultar: 1
[2025-09-12T20:18:10.891Z] Filas desde fetchByCorreos: 6
[2025-09-12T20:18:10.892Z] grouped.size=2 skippedPhone=0 skippedNoClave=0
[2025-09-12T20:18:10.908Z] Recipients: 2
[2025-09-12T20:18:10.909Z] gapEnv=8000
[2025-09-12T20:18:10.910Z] Enviando [1/2] 573023864595 | caminoverdeunidadprovincia3321s@gmail.com items=1
[2025-09-12T20:19:23.393Z] OK 573023864595 | caminoverdeunidadprovincia3321s@gmail.com
[2025-09-12T20:19:23.394Z] Enviando [2/2] 573217088296 | caminoverdeunidadprovincia3321s@gmail.com items=5
[2025-09-12T20:19:42.698Z] OK 573217088296 | caminoverdeunidadprovincia3321s@gmail.com
[2025-09-12T20:19:42.699Z] ✅ Notificaciones enviadas.
[2025-09-12T20:19:43.149Z] Edge cerrado.
[2025-09-12T20:24:39.614Z] LOG_FILE=C:\Users\LENOVO\Documents\medplayapp\medplay-web\.logs\notify-password-changes.log
[2025-09-12T20:24:39.615Z] == inicio notify-password-changes ==
[2025-09-12T20:24:39.616Z] items recibidos: 2
[2025-09-12T20:24:39.617Z] BAT_PATH=C:\Users\LENOVO\Documents\medplayapp\medplay-web\bat\start-edge-wa.bat
[2025-09-12T20:24:40.860Z] Esperando CDP en 127.0.0.1:9222...
[2025-09-12T20:24:40.913Z] CDP ok: true
[2025-09-12T20:24:40.914Z] Conectando a Edge vía CDP...
[2025-09-12T20:24:41.477Z] CDP conectado.
[2025-09-12T20:24:41.525Z] DB: conectado
[2025-09-12T20:24:41.526Z] Correos a consultar: 2
[2025-09-12T20:24:41.544Z] Filas desde fetchByCorreos: 11
[2025-09-12T20:24:41.545Z] grouped.size=4 skippedPhone=0 skippedNoClave=0
[2025-09-12T20:24:41.565Z] Recipients: 4
[2025-09-12T20:24:41.566Z] gapEnv=8000
[2025-09-12T20:24:41.568Z] Enviando [1/4] 573023864595 | caminoverdeunidadprovincia3321s@gmail.com items=1
[2025-09-12T20:24:48.091Z] sendViaWhatsApp intento 1 falló (573023864595): page.waitForSelector: Target page, context or browser has been closed
Call log:
[2m  - waiting for locator('div[role="textbox"][contenteditable="true"]') to be visible[22m

[2025-09-12T20:24:49.598Z] sendViaWhatsApp intento 2 falló (573023864595): page.goto: Target page, context or browser has been closed
[2025-09-12T20:24:51.101Z] sendViaWhatsApp intento 3 falló (573023864595): page.goto: Target page, context or browser has been closed
[2025-09-12T20:24:51.102Z] OK 573023864595 | caminoverdeunidadprovincia3321s@gmail.com
[2025-09-12T20:24:51.103Z] Enviando [2/4] 573023864595 | classrthelogarit2dc@gmail.com items=4
[2025-09-12T20:24:51.105Z] sendViaWhatsApp intento 1 falló (573023864595): page.goto: Target page, context or browser has been closed
[2025-09-12T20:24:52.610Z] sendViaWhatsApp intento 2 falló (573023864595): page.goto: Target page, context or browser has been closed
[2025-09-12T20:24:54.113Z] sendViaWhatsApp intento 3 falló (573023864595): page.goto: Target page, context or browser has been closed
[2025-09-12T20:24:54.114Z] OK 573023864595 | classrthelogarit2dc@gmail.com
[2025-09-12T20:24:54.117Z] Enviando [3/4] 573217088296 | caminoverdeunidadprovincia3321s@gmail.com items=5
[2025-09-12T20:24:54.120Z] sendViaWhatsApp intento 1 falló (573217088296): page.goto: Target page, context or browser has been closed
[2025-09-12T20:24:55.631Z] sendViaWhatsApp intento 2 falló (573217088296): page.goto: Target page, context or browser has been closed
[2025-09-12T20:24:57.145Z] sendViaWhatsApp intento 3 falló (573217088296): page.goto: Target page, context or browser has been closed
[2025-09-12T20:24:57.147Z] OK 573217088296 | caminoverdeunidadprovincia3321s@gmail.com
[2025-09-12T20:24:57.148Z] Enviando [4/4] 573217088296 | classrthelogarit2dc@gmail.com items=1
[2025-09-12T20:24:57.154Z] sendViaWhatsApp intento 1 falló (573217088296): page.goto: Target page, context or browser has been closed
[2025-09-12T20:24:58.661Z] sendViaWhatsApp intento 2 falló (573217088296): page.goto: Target page, context or browser has been closed
[2025-09-12T20:25:00.164Z] sendViaWhatsApp intento 3 falló (573217088296): page.goto: Target page, context or browser has been closed
[2025-09-12T20:25:00.165Z] OK 573217088296 | classrthelogarit2dc@gmail.com
[2025-09-12T20:25:00.166Z] ✅ Notificaciones enviadas.
[2025-09-12T20:25:00.486Z] Edge cerrado.
[2025-09-12T20:25:16.145Z] LOG_FILE=C:\Users\LENOVO\Documents\medplayapp\medplay-web\.logs\notify-password-changes.log
[2025-09-12T20:25:16.147Z] == inicio notify-password-changes ==
[2025-09-12T20:25:16.148Z] items recibidos: 1
[2025-09-12T20:25:16.148Z] BAT_PATH=C:\Users\LENOVO\Documents\medplayapp\medplay-web\bat\start-edge-wa.bat
[2025-09-12T20:25:17.400Z] Esperando CDP en 127.0.0.1:9222...
[2025-09-12T20:25:17.441Z] CDP ok: true
[2025-09-12T20:25:17.443Z] Conectando a Edge vía CDP...
[2025-09-12T20:25:18.411Z] CDP conectado.
[2025-09-12T20:25:18.444Z] DB: conectado
[2025-09-12T20:25:18.445Z] Correos a consultar: 1
[2025-09-12T20:25:18.457Z] Filas desde fetchByCorreos: 5
[2025-09-12T20:25:18.458Z] grouped.size=2 skippedPhone=0 skippedNoClave=0
[2025-09-12T20:25:18.477Z] Recipients: 2
[2025-09-12T20:25:18.478Z] gapEnv=8000
[2025-09-12T20:25:18.479Z] Enviando [1/2] 573023864595 | classrthelogarit2dc@gmail.com items=4
[2025-09-12T20:26:09.016Z] OK 573023864595 | classrthelogarit2dc@gmail.com
[2025-09-12T20:26:09.017Z] Enviando [2/2] 573217088296 | classrthelogarit2dc@gmail.com items=1
[2025-09-12T20:26:27.489Z] OK 573217088296 | classrthelogarit2dc@gmail.com
[2025-09-12T20:26:27.490Z] ✅ Notificaciones enviadas.
[2025-09-12T20:26:27.886Z] Edge cerrado.
[2025-09-12T20:26:43.064Z] LOG_FILE=C:\Users\LENOVO\Documents\medplayapp\medplay-web\.logs\notify-password-changes.log
[2025-09-12T20:26:43.065Z] == inicio notify-password-changes ==
[2025-09-12T20:26:43.067Z] items recibidos: 2
[2025-09-12T20:26:43.067Z] BAT_PATH=C:\Users\LENOVO\Documents\medplayapp\medplay-web\bat\start-edge-wa.bat
[2025-09-12T20:26:44.290Z] Esperando CDP en 127.0.0.1:9222...
[2025-09-12T20:26:44.494Z] CDP ok: true
[2025-09-12T20:26:44.494Z] Conectando a Edge vía CDP...
[2025-09-12T20:26:44.971Z] CDP conectado.
[2025-09-12T20:26:45.018Z] DB: conectado
[2025-09-12T20:26:45.019Z] Correos a consultar: 2
[2025-09-12T20:26:45.034Z] Filas desde fetchByCorreos: 11
[2025-09-12T20:26:45.036Z] grouped.size=4 skippedPhone=0 skippedNoClave=0
[2025-09-12T20:26:45.067Z] Recipients: 4
[2025-09-12T20:26:45.068Z] gapEnv=8000
[2025-09-12T20:26:45.069Z] Enviando [1/4] 573023864595 | caminoverdeunidadprovincia3321s@gmail.com items=1
[2025-09-12T20:27:04.769Z] OK 573023864595 | caminoverdeunidadprovincia3321s@gmail.com
[2025-09-12T20:27:04.770Z] Enviando [2/4] 573023864595 | classrthelogarit2dc@gmail.com items=4
[2025-09-12T20:27:22.788Z] OK 573023864595 | classrthelogarit2dc@gmail.com
[2025-09-12T20:27:22.792Z] Enviando [3/4] 573217088296 | caminoverdeunidadprovincia3321s@gmail.com items=5
[2025-09-12T20:27:40.986Z] OK 573217088296 | caminoverdeunidadprovincia3321s@gmail.com
[2025-09-12T20:27:40.987Z] Enviando [4/4] 573217088296 | classrthelogarit2dc@gmail.com items=1
[2025-09-12T20:27:58.686Z] OK 573217088296 | classrthelogarit2dc@gmail.com
[2025-09-12T20:27:58.688Z] ✅ Notificaciones enviadas.
[2025-09-12T20:27:59.050Z] Edge cerrado.
[2025-09-12T20:41:10.954Z] LOG_FILE=C:\Users\LENOVO\Documents\medplayapp\medplay-web\.logs\notify-password-changes.log
[2025-09-12T20:41:10.956Z] == inicio notify-password-changes ==
[2025-09-12T20:41:10.957Z] items recibidos: 3
[2025-09-12T20:41:10.958Z] BAT_PATH=C:\Users\LENOVO\Documents\medplayapp\medplay-web\bat\start-edge-wa.bat
[2025-09-12T20:41:12.188Z] Esperando CDP en 127.0.0.1:9222...
[2025-09-12T20:41:12.330Z] CDP ok: true
[2025-09-12T20:41:12.330Z] Conectando a Edge vía CDP...
[2025-09-12T20:41:13.084Z] CDP conectado.
[2025-09-12T20:41:13.122Z] DB: conectado
[2025-09-12T20:41:13.123Z] Correos a consultar: 3
[2025-09-12T20:41:13.149Z] Filas desde fetchByCorreos: 12
[2025-09-12T20:41:13.150Z] grouped.size=5 skippedPhone=0 skippedNoClave=0
[2025-09-12T20:41:13.168Z] Recipients: 5
[2025-09-12T20:41:13.169Z] gapEnv=8000
[2025-09-12T20:41:13.170Z] Enviando [1/5] 573023864595 | caminoverdeunidadprovincia3321s@gmail.com items=1
[2025-09-12T20:41:33.386Z] OK 573023864595 | caminoverdeunidadprovincia3321s@gmail.com
[2025-09-12T20:41:33.387Z] Enviando [2/5] 573023864595 | classrthelogarit2dc@gmail.com items=4
[2025-09-12T20:41:51.503Z] OK 573023864595 | classrthelogarit2dc@gmail.com
[2025-09-12T20:41:51.504Z] Enviando [3/5] 573217088296 | caminoverdeunidadprovincia3321s@gmail.com items=5
[2025-09-12T20:42:07.030Z] OK 573217088296 | caminoverdeunidadprovincia3321s@gmail.com
[2025-09-12T20:42:07.031Z] Enviando [4/5] 573217088296 | classrthelogarit2dc@gmail.com items=1
[2025-09-12T20:42:20.302Z] OK 573217088296 | classrthelogarit2dc@gmail.com
[2025-09-12T20:42:20.303Z] Enviando [5/5] 573217088296 | milenat543eer@sanarru.com items=1
[2025-09-12T20:42:33.552Z] OK 573217088296 | milenat543eer@sanarru.com
[2025-09-12T20:42:33.553Z] ✅ Notificaciones enviadas.
[2025-09-12T20:42:33.834Z] Edge cerrado.
[2025-09-13T21:41:45.928Z] LOG_FILE=C:\Users\LENOVO\Documents\medplayapp\medplay-web\.logs\notify-password-changes.log
[2025-09-13T21:41:45.931Z] == inicio notify-password-changes ==
[2025-09-13T21:41:45.932Z] items recibidos: 4
[2025-09-13T21:41:45.932Z] BAT_PATH=C:\Users\LENOVO\Documents\medplayapp\medplay-web\bat\start-edge-wa.bat
[2025-09-13T21:41:47.162Z] Esperando CDP en 127.0.0.1:9222...
[2025-09-13T21:41:47.257Z] CDP ok: true
[2025-09-13T21:41:47.258Z] Conectando a Edge vía CDP...
[2025-09-13T21:41:47.901Z] CDP conectado.
[2025-09-13T21:41:48.056Z] DB: conectado
[2025-09-13T21:41:48.056Z] Correos a consultar: 4
[2025-09-13T21:41:48.077Z] Filas desde fetchByCorreos: 17
[2025-09-13T21:41:48.078Z] grouped.size=7 skippedPhone=0 skippedNoClave=0
[2025-09-13T21:41:48.100Z] Recipients: 7
[2025-09-13T21:41:48.101Z] gapEnv=8000
[2025-09-13T21:41:48.102Z] Enviando [1/7] 573023864595 | andrupasscusla1212@gmail.com items=3
[2025-09-13T21:42:50.107Z] sendViaWhatsApp intento 1 falló (573023864595): page.waitForSelector: Timeout 60000ms exceeded.
Call log:
[2m  - waiting for locator('div[role="textbox"][contenteditable="true"]') to be visible[22m

[2025-09-13T21:43:52.300Z] sendViaWhatsApp intento 2 falló (573023864595): page.waitForSelector: Timeout 60000ms exceeded.
Call log:
[2m  - waiting for locator('div[role="textbox"][contenteditable="true"]') to be visible[22m

[2025-09-13T21:44:37.863Z] OK 573023864595 | andrupasscusla1212@gmail.com
[2025-09-13T21:44:37.866Z] Enviando [2/7] 573023864595 | caminoverdeunidadprovincia3321s@gmail.com items=1
[2025-09-13T21:44:55.502Z] OK 573023864595 | caminoverdeunidadprovincia3321s@gmail.com
[2025-09-13T21:44:55.505Z] Enviando [3/7] 573023864595 | classrthelogarit2dc@gmail.com items=4
[2025-09-13T21:45:13.043Z] OK 573023864595 | classrthelogarit2dc@gmail.com
[2025-09-13T21:45:13.051Z] Enviando [4/7] 573217088296 | andrupasscusla1212@gmail.com items=2
[2025-09-13T21:45:33.634Z] OK 573217088296 | andrupasscusla1212@gmail.com
[2025-09-13T21:45:33.636Z] Enviando [5/7] 573217088296 | caminoverdeunidadprovincia3321s@gmail.com items=5
[2025-09-13T21:45:49.963Z] OK 573217088296 | caminoverdeunidadprovincia3321s@gmail.com
[2025-09-13T21:45:49.964Z] Enviando [6/7] 573217088296 | classrthelogarit2dc@gmail.com items=1
[2025-09-13T21:46:05.866Z] OK 573217088296 | classrthelogarit2dc@gmail.com
[2025-09-13T21:46:05.867Z] Enviando [7/7] 573217088296 | milenat543eer@sanarru.com items=1
[2025-09-13T21:46:22.744Z] OK 573217088296 | milenat543eer@sanarru.com
[2025-09-13T21:46:22.745Z] ✅ Notificaciones enviadas.
[2025-09-13T21:46:23.159Z] Edge cerrado.
[2025-09-14T20:20:28.297Z] LOG_FILE=C:\Users\LENOVO\Documents\medplayapp\medplay-web\.logs\notify-password-changes.log
[2025-09-14T20:20:28.310Z] == inicio notify-password-changes ==
[2025-09-14T20:20:28.310Z] items recibidos: 1
[2025-09-14T20:20:28.311Z] BAT_PATH=C:\Users\LENOVO\Documents\medplayapp\medplay-web\bat\start-edge-wa.bat
[2025-09-14T20:20:29.529Z] Esperando CDP en 127.0.0.1:9222...
[2025-09-14T20:20:29.550Z] CDP ok: true
[2025-09-14T20:20:29.551Z] Conectando a Edge vía CDP...
[2025-09-14T20:20:30.148Z] CDP conectado.
[2025-09-14T20:20:30.259Z] DB: conectado
[2025-09-14T20:20:30.259Z] Correos a consultar: 1
[2025-09-14T20:20:30.272Z] Filas desde fetchByCorreos: 6
[2025-09-14T20:20:30.273Z] grouped.size=2 skippedPhone=0 skippedNoClave=0
[2025-09-14T20:20:30.295Z] Recipients: 2
[2025-09-14T20:20:30.295Z] gapEnv=8000
[2025-09-14T20:20:30.297Z] Enviando [1/2] 573023864595 | caminoverdeunidadprovincia3321s@gmail.com items=1
[2025-09-14T20:20:59.551Z] sendViaWhatsApp intento 1 falló (573023864595): page.waitForSelector: Target page, context or browser has been closed
Call log:
[2m  - waiting for locator('div[role="textbox"][contenteditable="true"]') to be visible[22m

[2025-09-14T20:21:01.068Z] sendViaWhatsApp intento 2 falló (573023864595): page.goto: Target page, context or browser has been closed
[2025-09-14T20:21:02.582Z] sendViaWhatsApp intento 3 falló (573023864595): page.goto: Target page, context or browser has been closed
[2025-09-14T20:21:02.583Z] OK 573023864595 | caminoverdeunidadprovincia3321s@gmail.com
[2025-09-14T20:21:02.584Z] Enviando [2/2] 573217088296 | caminoverdeunidadprovincia3321s@gmail.com items=5
[2025-09-14T20:21:02.587Z] sendViaWhatsApp intento 1 falló (573217088296): page.goto: Target page, context or browser has been closed
[2025-09-14T20:21:04.100Z] sendViaWhatsApp intento 2 falló (573217088296): page.goto: Target page, context or browser has been closed
[2025-09-14T20:21:05.623Z] sendViaWhatsApp intento 3 falló (573217088296): page.goto: Target page, context or browser has been closed
[2025-09-14T20:21:05.626Z] OK 573217088296 | caminoverdeunidadprovincia3321s@gmail.com
[2025-09-14T20:21:05.627Z] ✅ Notificaciones enviadas.
[2025-09-14T20:21:05.918Z] Edge cerrado.
[2025-09-18T17:49:00.760Z] LOG_FILE=C:\Users\LENOVO\Documents\medplayapp\medplay-web\.logs\notify-password-changes.log
[2025-09-18T17:49:00.762Z] == inicio notify-password-changes ==
[2025-09-18T17:49:00.763Z] items recibidos: 1
[2025-09-18T17:49:00.763Z] BAT_PATH=C:\Users\LENOVO\Documents\medplayapp\medplay-web\bat\start-edge-wa.bat
[2025-09-18T17:49:01.989Z] Esperando CDP en 127.0.0.1:9222...
[2025-09-18T17:49:02.698Z] CDP ok: true
[2025-09-18T17:49:02.698Z] Conectando a Edge vía CDP...
[2025-09-18T17:49:04.714Z] CDP conectado.
[2025-09-18T17:49:04.786Z] DB: conectado
[2025-09-18T17:49:04.787Z] Correos a consultar: 1
[2025-09-18T17:49:04.805Z] Filas desde fetchByCorreos: 7
[2025-09-18T17:49:04.806Z] grouped.size=6 skippedPhone=0 skippedNoClave=0
[2025-09-18T17:49:04.832Z] Recipients: 6
[2025-09-18T17:49:04.833Z] gapEnv=8000
[2025-09-18T17:49:04.835Z] Enviando [1/6] 573042367370 | casahumanoyblanca771717171@gmail.com items=1
[2025-09-18T17:49:07.253Z] sendViaWhatsApp intento 1 falló (573042367370): page.goto: net::ERR_ABORTED at https://web.whatsapp.com/send?phone=573042367370&text=Hola%20Miguel%2C%20te%20notificamos%20el%20*cambio%20de%20contrase%C3%B1a*%20asociado%20a%20tu%20correo%3A%20*casahumanoyblanca771717171%40gmail.com*.%0A%0A%E2%80%A2%20Amazon%20%E2%80%94%20Pantalla%20%7C%20*Pantalla%201*%20%7C%20vence%3A%2022%2F09%2F2025%0A%0A*La%20nueva%20contrase%C3%B1a%20es%3A*%20casa123456a.%0ANo%20la%20compartas%20con%20nadie%3B%20%C2%A1que%20est%C3%A9s%20s%C3%BAper%20bien!%0A*Recuerda%20tu%20pantalla%20es%20la%20que%20ves%20arriba%3B%20solo%20puedes%20utilizar%20esa.*%0A%0A%0ANOTA%3A*NO%20MODIFICAR%20LOS%20NUMEROS%20DEL%20PERFIL%2C%20USAR%20UNICAMENTE%20EL%20QUE%20SE%20LE%20ASIGNO%20SIN%20CAMBIARLO*%0APARA%20EVITAR%20CODIGOS%20DEBES%20BORRAR%20HISTORIAL%20Y%20COOKIES%20----%3E%20%20%20%20%0AEN%20CELULAR%3A%20https%3A%2F%2Fwww.youtube.com%2Fwatch%3Fv%3DrEsApVI1-lk%0AEN%20EL%20COMPUTADOR%3A%20https%3A%2F%2Fwww.youtube.com%2Fwatch%3Fv%3D2pYn4px0YWI
Call log:
[2m  - navigating to "https://web.whatsapp.com/send?phone=573042367370&text=Hola%20Miguel%2C%20te%20notificamos%20el%20*cambio%20de%20contrase%C3%B1a*%20asociado%20a%20tu%20correo%3A%20*casahumanoyblanca771717171%40gmail.com*.%0A%0A%E2%80%A2%20Amazon%20%E2%80%94%20Pantalla%20%7C%20*Pantalla%201*%20%7C%20vence%3A%2022%2F09%2F2025%0A%0A*La%20nueva%20contrase%C3%B1a%20es%3A*%20casa123456a.%0ANo%20la%20compartas%20con%20nadie%3B%20%C2%A1que%20est%C3%A9s%20s%C3%BAper%20bien!%0A*Recuerda%20tu%20pantalla%20es%20la%20que%20ves%20arriba%3B%20solo%20puedes%20utilizar%20esa.*%0A%0A%0ANOTA%3A*NO%20MODIFICAR%20LOS%20NUMEROS%20DEL%20PERFIL%2C%20USAR%20UNICAMENTE%20EL%20QUE%20SE%20LE%20ASIGNO%20SIN%20CAMBIARLO*%0APARA%20EVITAR%20CODIGOS%20DEBES%20BORRAR%20HISTORIAL%20Y%20COOKIES%20----%3E%20%20%20%20%0AEN%20CELULAR%3A%20https%3A%2F%2Fwww.youtube.com%2Fwatch%3Fv%3DrEsApVI1-lk%0AEN%20EL%20COMPUTADOR%3A%20https%3A%2F%2Fwww.youtube.com%2Fwatch%3Fv%3D2pYn4px0YWI", waiting until "domcontentloaded"[22m

[2025-09-18T17:50:12.593Z] sendViaWhatsApp intento 2 falló (573042367370): page.waitForSelector: Timeout 60000ms exceeded.
Call log:
[2m  - waiting for locator('div[role="textbox"][contenteditable="true"]') to be visible[22m

[2025-09-18T17:51:14.636Z] sendViaWhatsApp intento 3 falló (573042367370): page.waitForSelector: Timeout 60000ms exceeded.
Call log:
[2m  - waiting for locator('div[role="textbox"][contenteditable="true"]') to be visible[22m

[2025-09-18T17:51:14.637Z] OK 573042367370 | casahumanoyblanca771717171@gmail.com
[2025-09-18T17:51:14.639Z] Enviando [2/6] 573136966914 | casahumanoyblanca771717171@gmail.com items=1
[2025-09-18T17:52:15.069Z] sendViaWhatsApp intento 1 falló (573136966914): page.waitForSelector: Timeout 60000ms exceeded.
Call log:
[2m  - waiting for locator('div[role="textbox"][contenteditable="true"]') to be visible[22m

[2025-09-18T17:53:17.058Z] sendViaWhatsApp intento 2 falló (573136966914): page.waitForSelector: Timeout 60000ms exceeded.
Call log:
[2m  - waiting for locator('div[role="textbox"][contenteditable="true"]') to be visible[22m

[2025-09-18T17:54:21.389Z] sendViaWhatsApp intento 3 falló (573136966914): page.waitForSelector: Timeout 60000ms exceeded.
Call log:
[2m  - waiting for locator('div[role="textbox"][contenteditable="true"]') to be visible[22m

[2025-09-18T17:54:21.395Z] OK 573136966914 | casahumanoyblanca771717171@gmail.com
[2025-09-18T17:54:21.397Z] Enviando [3/6] 573176787891 | casahumanoyblanca771717171@gmail.com items=1
[2025-09-18T17:55:21.810Z] sendViaWhatsApp intento 1 falló (573176787891): page.waitForSelector: Timeout 60000ms exceeded.
Call log:
[2m  - waiting for locator('div[role="textbox"][contenteditable="true"]') to be visible[22m

[2025-09-18T17:56:24.379Z] sendViaWhatsApp intento 2 falló (573176787891): page.waitForSelector: Timeout 60000ms exceeded.
Call log:
[2m  - waiting for locator('div[role="textbox"][contenteditable="true"]') to be visible[22m

[2025-09-18T17:56:32.027Z] sendViaWhatsApp intento 3 falló (573176787891): page.waitForSelector: Target page, context or browser has been closed
Call log:
[2m  - waiting for locator('div[role="textbox"][contenteditable="true"]') to be visible[22m

[2025-09-18T17:56:32.029Z] OK 573176787891 | casahumanoyblanca771717171@gmail.com
[2025-09-18T17:56:32.030Z] Enviando [4/6] 573202502194 | casahumanoyblanca771717171@gmail.com items=1
[2025-09-18T17:56:32.033Z] sendViaWhatsApp intento 1 falló (573202502194): page.goto: Target page, context or browser has been closed
[2025-09-18T17:56:33.538Z] sendViaWhatsApp intento 2 falló (573202502194): page.goto: Target page, context or browser has been closed
[2025-09-18T17:56:35.057Z] sendViaWhatsApp intento 3 falló (573202502194): page.goto: Target page, context or browser has been closed
[2025-09-18T17:56:35.081Z] OK 573202502194 | casahumanoyblanca771717171@gmail.com
[2025-09-18T17:56:35.082Z] Enviando [5/6] 573209398554 | casahumanoyblanca771717171@gmail.com items=2
[2025-09-18T17:56:35.084Z] sendViaWhatsApp intento 1 falló (573209398554): page.goto: Target page, context or browser has been closed
[2025-09-18T17:56:36.594Z] sendViaWhatsApp intento 2 falló (573209398554): page.goto: Target page, context or browser has been closed
[2025-09-18T17:56:38.107Z] sendViaWhatsApp intento 3 falló (573209398554): page.goto: Target page, context or browser has been closed
[2025-09-18T17:56:38.109Z] OK 573209398554 | casahumanoyblanca771717171@gmail.com
[2025-09-18T17:56:38.110Z] Enviando [6/6] 573234564317 | casahumanoyblanca771717171@gmail.com items=1
[2025-09-18T17:56:38.113Z] sendViaWhatsApp intento 1 falló (573234564317): page.goto: Target page, context or browser has been closed
[2025-09-18T17:56:39.640Z] sendViaWhatsApp intento 2 falló (573234564317): page.goto: Target page, context or browser has been closed
[2025-09-18T17:56:41.168Z] sendViaWhatsApp intento 3 falló (573234564317): page.goto: Target page, context or browser has been closed
[2025-09-18T17:56:41.169Z] OK 573234564317 | casahumanoyblanca771717171@gmail.com
[2025-09-18T17:56:41.170Z] ✅ Notificaciones enviadas.
[2025-09-18T17:56:41.502Z] Edge cerrado.
[2025-09-18T17:57:30.842Z] LOG_FILE=C:\Users\LENOVO\Documents\medplayapp\medplay-web\.logs\notify-password-changes.log
[2025-09-18T17:57:30.842Z] == inicio notify-password-changes ==
[2025-09-18T17:57:30.845Z] items recibidos: 1
[2025-09-18T17:57:30.846Z] BAT_PATH=C:\Users\LENOVO\Documents\medplayapp\medplay-web\bat\start-edge-wa.bat
[2025-09-18T17:57:32.084Z] Esperando CDP en 127.0.0.1:9222...
[2025-09-18T17:57:32.101Z] CDP ok: true
[2025-09-18T17:57:32.101Z] Conectando a Edge vía CDP...
[2025-09-18T17:57:32.431Z] CDP conectado.
[2025-09-18T17:57:32.476Z] DB: conectado
[2025-09-18T17:57:32.477Z] Correos a consultar: 1
[2025-09-18T17:57:32.495Z] Filas desde fetchByCorreos: 7
[2025-09-18T17:57:32.496Z] grouped.size=6 skippedPhone=0 skippedNoClave=0
[2025-09-18T17:57:32.517Z] Recipients: 6
[2025-09-18T17:57:32.518Z] gapEnv=8000
[2025-09-18T17:57:32.519Z] Enviando [1/6] 573042367370 | casahumanoyblanca771717171@gmail.com items=1
[2025-09-18T17:58:14.027Z] OK 573042367370 | casahumanoyblanca771717171@gmail.com
[2025-09-18T17:58:14.029Z] Enviando [2/6] 573136966914 | casahumanoyblanca771717171@gmail.com items=1
[2025-09-18T17:58:14.033Z] sendViaWhatsApp intento 1 falló (573136966914): page.goto: Target page, context or browser has been closed
[2025-09-18T17:58:15.535Z] sendViaWhatsApp intento 2 falló (573136966914): page.goto: Target page, context or browser has been closed
[2025-09-18T17:58:17.049Z] sendViaWhatsApp intento 3 falló (573136966914): page.goto: Target page, context or browser has been closed
[2025-09-18T17:58:17.051Z] OK 573136966914 | casahumanoyblanca771717171@gmail.com
[2025-09-18T17:58:17.052Z] Enviando [3/6] 573176787891 | casahumanoyblanca771717171@gmail.com items=1
[2025-09-18T17:58:17.055Z] sendViaWhatsApp intento 1 falló (573176787891): page.goto: Target page, context or browser has been closed
[2025-09-18T17:58:18.569Z] sendViaWhatsApp intento 2 falló (573176787891): page.goto: Target page, context or browser has been closed
[2025-09-18T17:58:20.073Z] sendViaWhatsApp intento 3 falló (573176787891): page.goto: Target page, context or browser has been closed
[2025-09-18T17:58:20.075Z] OK 573176787891 | casahumanoyblanca771717171@gmail.com
[2025-09-18T17:58:20.076Z] Enviando [4/6] 573202502194 | casahumanoyblanca771717171@gmail.com items=1
[2025-09-18T17:58:20.078Z] sendViaWhatsApp intento 1 falló (573202502194): page.goto: Target page, context or browser has been closed
[2025-09-18T17:58:21.585Z] sendViaWhatsApp intento 2 falló (573202502194): page.goto: Target page, context or browser has been closed
[2025-09-18T17:58:23.090Z] sendViaWhatsApp intento 3 falló (573202502194): page.goto: Target page, context or browser has been closed
[2025-09-18T17:58:23.092Z] OK 573202502194 | casahumanoyblanca771717171@gmail.com
[2025-09-18T17:58:23.093Z] Enviando [5/6] 573209398554 | casahumanoyblanca771717171@gmail.com items=2
[2025-09-18T17:58:23.097Z] sendViaWhatsApp intento 1 falló (573209398554): page.goto: Target page, context or browser has been closed
[2025-09-18T17:58:24.605Z] sendViaWhatsApp intento 2 falló (573209398554): page.goto: Target page, context or browser has been closed
[2025-09-18T17:58:26.117Z] sendViaWhatsApp intento 3 falló (573209398554): page.goto: Target page, context or browser has been closed
[2025-09-18T17:58:26.118Z] OK 573209398554 | casahumanoyblanca771717171@gmail.com
[2025-09-18T17:58:26.119Z] Enviando [6/6] 573234564317 | casahumanoyblanca771717171@gmail.com items=1
[2025-09-18T17:58:26.122Z] sendViaWhatsApp intento 1 falló (573234564317): page.goto: Target page, context or browser has been closed
[2025-09-18T17:58:27.630Z] sendViaWhatsApp intento 2 falló (573234564317): page.goto: Target page, context or browser has been closed
[2025-09-18T17:58:29.140Z] sendViaWhatsApp intento 3 falló (573234564317): page.goto: Target page, context or browser has been closed
[2025-09-18T17:58:29.141Z] OK 573234564317 | casahumanoyblanca771717171@gmail.com
[2025-09-18T17:58:29.142Z] ✅ Notificaciones enviadas.
[2025-09-18T17:58:29.447Z] Edge cerrado.
[2025-09-20T23:02:30.779Z] LOG_FILE=C:\Users\LENOVO\Documents\medplayapp\medplay-web\.logs\notify-password-changes.log
[2025-09-20T23:02:30.781Z] == inicio notify-password-changes ==
[2025-09-20T23:02:30.781Z] items recibidos: 3
[2025-09-20T23:02:30.782Z] BAT_PATH=C:\Users\LENOVO\Documents\medplayapp\medplay-web\bat\start-edge-wa.bat
[2025-09-20T23:02:32.014Z] Esperando CDP en 127.0.0.1:9222...
[2025-09-20T23:02:32.061Z] CDP ok: true
[2025-09-20T23:02:32.061Z] Conectando a Edge vía CDP...
[2025-09-20T23:02:32.510Z] CDP conectado.
[2025-09-20T23:02:32.559Z] DB: conectado
[2025-09-20T23:02:32.560Z] Correos a consultar: 3
[2025-09-20T23:02:32.572Z] Filas desde fetchByCorreos: 18
[2025-09-20T23:02:32.573Z] grouped.size=17 skippedPhone=0 skippedNoClave=0
[2025-09-20T23:02:32.614Z] Recipients: 17
[2025-09-20T23:02:32.615Z] gapEnv=8000
[2025-09-20T23:02:32.616Z] Enviando [1/17] 573003758897 | medplay93+d3@gmail.com items=1
[2025-09-20T23:03:38.741Z] OK 573003758897 | medplay93+d3@gmail.com
[2025-09-20T23:03:38.745Z] Enviando [2/17] 573005089661 | contasj382df@myven.co items=1
[2025-09-20T23:03:57.053Z] OK 573005089661 | contasj382df@myven.co
[2025-09-20T23:03:57.055Z] Enviando [3/17] 573012646703 | yacaura309@gmail.com items=1
[2025-09-20T23:04:14.125Z] OK 573012646703 | yacaura309@gmail.com
[2025-09-20T23:04:14.130Z] Enviando [4/17] 573014063130 | yacaura309@gmail.com items=1
[2025-09-20T23:04:31.144Z] OK 573014063130 | yacaura309@gmail.com
[2025-09-20T23:04:31.145Z] Enviando [5/17] 573015204686 | contasj382df@myven.co items=1
[2025-09-20T23:04:49.159Z] OK 573015204686 | contasj382df@myven.co
[2025-09-20T23:04:49.175Z] Enviando [6/17] 573053094699 | medplay93+d3@gmail.com items=1
[2025-09-20T23:05:07.345Z] OK 573053094699 | medplay93+d3@gmail.com
[2025-09-20T23:05:07.345Z] Enviando [7/17] 573108742028 | medplay93+d3@gmail.com items=1
[2025-09-20T23:05:25.962Z] OK 573108742028 | medplay93+d3@gmail.com
[2025-09-20T23:05:25.963Z] Enviando [8/17] 573116127972 | medplay93+d3@gmail.com items=1
[2025-09-20T23:06:10.465Z] OK 573116127972 | medplay93+d3@gmail.com
[2025-09-20T23:06:10.469Z] Enviando [9/17] 573126477856 | medplay93+d3@gmail.com items=1
[2025-09-20T23:06:10.475Z] sendViaWhatsApp intento 1 falló (573126477856): page.goto: Target page, context or browser has been closed
[2025-09-20T23:06:11.978Z] sendViaWhatsApp intento 2 falló (573126477856): page.goto: Target page, context or browser has been closed
[2025-09-20T23:06:13.480Z] sendViaWhatsApp intento 3 falló (573126477856): page.goto: Target page, context or browser has been closed
[2025-09-20T23:06:13.481Z] OK 573126477856 | medplay93+d3@gmail.com
[2025-09-20T23:06:13.481Z] Enviando [10/17] 573142207818 | yacaura309@gmail.com items=1
[2025-09-20T23:06:13.482Z] sendViaWhatsApp intento 1 falló (573142207818): page.goto: Target page, context or browser has been closed
[2025-09-20T23:06:14.998Z] sendViaWhatsApp intento 2 falló (573142207818): page.goto: Target page, context or browser has been closed
[2025-09-20T23:06:16.501Z] sendViaWhatsApp intento 3 falló (573142207818): page.goto: Target page, context or browser has been closed
[2025-09-20T23:06:16.503Z] OK 573142207818 | yacaura309@gmail.com
[2025-09-20T23:06:16.504Z] Enviando [11/17] 573146286055 | yacaura309@gmail.com items=1
[2025-09-20T23:06:16.506Z] sendViaWhatsApp intento 1 falló (573146286055): page.goto: Target page, context or browser has been closed
[2025-09-20T23:06:18.024Z] sendViaWhatsApp intento 2 falló (573146286055): page.goto: Target page, context or browser has been closed
[2025-09-20T23:06:19.539Z] sendViaWhatsApp intento 3 falló (573146286055): page.goto: Target page, context or browser has been closed
[2025-09-20T23:06:19.540Z] OK 573146286055 | yacaura309@gmail.com
[2025-09-20T23:06:19.541Z] Enviando [12/17] 573152990685 | medplay93+d3@gmail.com items=1
[2025-09-20T23:06:19.542Z] sendViaWhatsApp intento 1 falló (573152990685): page.goto: Target page, context or browser has been closed
[2025-09-20T23:06:21.052Z] sendViaWhatsApp intento 2 falló (573152990685): page.goto: Target page, context or browser has been closed
[2025-09-20T23:06:22.559Z] sendViaWhatsApp intento 3 falló (573152990685): page.goto: Target page, context or browser has been closed
[2025-09-20T23:06:22.560Z] OK 573152990685 | medplay93+d3@gmail.com
[2025-09-20T23:06:22.561Z] Enviando [13/17] 573156626542 | medplay93+d3@gmail.com items=1
[2025-09-20T23:06:22.562Z] sendViaWhatsApp intento 1 falló (573156626542): page.goto: Target page, context or browser has been closed
[2025-09-20T23:06:24.064Z] sendViaWhatsApp intento 2 falló (573156626542): page.goto: Target page, context or browser has been closed
[2025-09-20T23:06:25.579Z] sendViaWhatsApp intento 3 falló (573156626542): page.goto: Target page, context or browser has been closed
[2025-09-20T23:06:25.580Z] OK 573156626542 | medplay93+d3@gmail.com
[2025-09-20T23:06:25.581Z] Enviando [14/17] 573213088307 | yacaura309@gmail.com items=1
[2025-09-20T23:06:25.583Z] sendViaWhatsApp intento 1 falló (573213088307): page.goto: Target page, context or browser has been closed
[2025-09-20T23:06:27.092Z] sendViaWhatsApp intento 2 falló (573213088307): page.goto: Target page, context or browser has been closed
[2025-09-20T23:06:28.595Z] sendViaWhatsApp intento 3 falló (573213088307): page.goto: Target page, context or browser has been closed
[2025-09-20T23:06:28.596Z] OK 573213088307 | yacaura309@gmail.com
[2025-09-20T23:06:28.596Z] Enviando [15/17] 573234736999 | contasj382df@myven.co items=1
[2025-09-20T23:06:28.597Z] sendViaWhatsApp intento 1 falló (573234736999): page.goto: Target page, context or browser has been closed
[2025-09-20T23:06:30.100Z] sendViaWhatsApp intento 2 falló (573234736999): page.goto: Target page, context or browser has been closed
[2025-09-20T23:06:31.601Z] sendViaWhatsApp intento 3 falló (573234736999): page.goto: Target page, context or browser has been closed
[2025-09-20T23:06:31.601Z] OK 573234736999 | contasj382df@myven.co
[2025-09-20T23:06:31.602Z] Enviando [16/17] 573238144675 | yacaura309@gmail.com items=1
[2025-09-20T23:06:31.603Z] sendViaWhatsApp intento 1 falló (573238144675): page.goto: Target page, context or browser has been closed
[2025-09-20T23:06:33.109Z] sendViaWhatsApp intento 2 falló (573238144675): page.goto: Target page, context or browser has been closed
[2025-09-20T23:06:34.615Z] sendViaWhatsApp intento 3 falló (573238144675): page.goto: Target page, context or browser has been closed
[2025-09-20T23:06:34.616Z] OK 573238144675 | yacaura309@gmail.com
[2025-09-20T23:06:34.616Z] Enviando [17/17] 573506587991 | yacaura309@gmail.com items=1
[2025-09-20T23:06:34.617Z] sendViaWhatsApp intento 1 falló (573506587991): page.goto: Target page, context or browser has been closed
[2025-09-20T23:06:36.126Z] sendViaWhatsApp intento 2 falló (573506587991): page.goto: Target page, context or browser has been closed
[2025-09-20T23:06:37.635Z] sendViaWhatsApp intento 3 falló (573506587991): page.goto: Target page, context or browser has been closed
[2025-09-20T23:06:37.636Z] OK 573506587991 | yacaura309@gmail.com
[2025-09-20T23:06:37.636Z] ✅ Notificaciones enviadas.
[2025-09-20T23:06:38.013Z] Edge cerrado.
[2025-09-20T23:32:04.054Z] LOG_FILE=C:\Users\LENOVO\Documents\medplayapp\medplay-web\.logs\notify-password-changes.log
[2025-09-20T23:32:04.055Z] == inicio notify-password-changes ==
[2025-09-20T23:32:04.056Z] items recibidos: 1
[2025-09-20T23:32:04.057Z] Correos normalizados: 1
[2025-09-20T23:32:04.058Z] BAT_PATH=C:\Users\LENOVO\Documents\medplayapp\medplay-web\bat\start-edge-wa.bat
[2025-09-20T23:32:05.293Z] Esperando CDP en 127.0.0.1:9222...
[2025-09-20T23:32:30.598Z] CDP ok: false
[2025-09-20T23:32:30.657Z] ❌ Error notify-password-changes: Error: No se detectó CDP en 127.0.0.1:9222
    at main (C:\Users\LENOVO\Documents\medplayapp\medplay-web\scripts\notify-password-changes.js:335:20)
[2025-09-20T23:32:30.657Z] No se intentó enviar; Edge queda abierto para depurar.
[2025-09-20T23:35:27.902Z] LOG_FILE=C:\Users\LENOVO\Documents\medplayapp\medplay-web\.logs\notify-password-changes.log
[2025-09-20T23:35:27.904Z] == inicio notify-password-changes ==
[2025-09-20T23:35:27.905Z] items recibidos: 1
[2025-09-20T23:35:27.906Z] Correos normalizados: 1
[2025-09-20T23:35:27.906Z] BAT_PATH=C:\Users\LENOVO\Documents\medplayapp\medplay-web\bat\start-edge-wa.bat
[2025-09-20T23:35:29.156Z] Esperando CDP en 127.0.0.1:9222...
[2025-09-20T23:35:29.331Z] CDP ok: true
[2025-09-20T23:35:29.332Z] Conectando a Edge vía CDP...
[2025-09-20T23:35:30.355Z] CDP conectado.
[2025-09-20T23:35:30.399Z] DB: conectado
[2025-09-20T23:35:30.422Z] Filas DB (pantallas+cuentas): 7
[2025-09-20T23:35:30.423Z] grouped.size=0 skippedPhone=0 skippedNoClave=0 skippedByDate=7
[2025-09-20T23:35:30.423Z] No hay destinatarios tras filtrar por fecha; nada que enviar.
[2025-09-20T23:35:30.793Z] No se intentó enviar; Edge queda abierto para depurar.
[2025-09-20T23:39:21.205Z] LOG_FILE=C:\Users\LENOVO\Documents\medplayapp\medplay-web\.logs\notify-password-changes.log
[2025-09-20T23:39:21.206Z] == inicio notify-password-changes ==
[2025-09-20T23:39:21.206Z] LOG_FILE=C:\Users\LENOVO\Documents\medplayapp\medplay-web\.logs\notify-password-changes.log
[2025-09-20T23:39:21.207Z] == inicio notify-password-changes ==
[2025-09-20T23:39:21.207Z] items recibidos: 1
[2025-09-20T23:39:21.208Z] items recibidos: 1
[2025-09-20T23:39:21.208Z] Correos normalizados: 1
[2025-09-20T23:39:21.208Z] BAT_PATH=C:\Users\LENOVO\Documents\medplayapp\medplay-web\bat\start-edge-wa.bat
[2025-09-20T23:39:21.208Z] Correos normalizados: 1
[2025-09-20T23:39:21.209Z] BAT_PATH=C:\Users\LENOVO\Documents\medplayapp\medplay-web\bat\start-edge-wa.bat
[2025-09-20T23:39:22.466Z] Esperando CDP en 127.0.0.1:9222...
[2025-09-20T23:39:22.467Z] Esperando CDP en 127.0.0.1:9222...
[2025-09-20T23:39:22.770Z] CDP ok: true
[2025-09-20T23:39:22.771Z] Conectando a Edge vía CDP...
[2025-09-20T23:39:22.776Z] CDP ok: true
[2025-09-20T23:39:22.777Z] Conectando a Edge vía CDP...
[2025-09-20T23:39:23.547Z] CDP conectado.
[2025-09-20T23:39:23.589Z] DB: conectado
[2025-09-20T23:39:23.604Z] Filas DB (pantallas+cuentas): 7
[2025-09-20T23:39:23.604Z] grouped.size=0 skippedPhone=0 skippedNoClave=0 skippedByDate=7
[2025-09-20T23:39:23.605Z] No hay destinatarios tras filtrar por fecha; nada que enviar.
[2025-09-20T23:39:23.949Z] CDP conectado.
[2025-09-20T23:39:24.006Z] DB: conectado
[2025-09-20T23:39:24.023Z] Filas DB (pantallas+cuentas): 7
[2025-09-20T23:39:24.023Z] grouped.size=0 skippedPhone=0 skippedNoClave=0 skippedByDate=7
[2025-09-20T23:39:24.024Z] No hay destinatarios tras filtrar por fecha; nada que enviar.
[2025-09-20T23:39:24.028Z] No se intentó enviar; Edge queda abierto para depurar.
[2025-09-20T23:39:24.465Z] No se intentó enviar; Edge queda abierto para depurar.
[2025-09-20T23:45:31.513Z] LOG_FILE=C:\Users\LENOVO\Documents\medplayapp\medplay-web\.logs\notify-password-changes.log
[2025-09-20T23:45:31.514Z] == inicio notify-password-changes ==
[2025-09-20T23:45:31.515Z] items recibidos: 1
[2025-09-20T23:45:31.516Z] BAT_PATH=C:\Users\LENOVO\Documents\medplayapp\medplay-web\bat\start-edge-wa.bat
[2025-09-20T23:45:32.743Z] Esperando CDP en 127.0.0.1:9222...
[2025-09-20T23:45:32.922Z] CDP ok: true
[2025-09-20T23:45:32.923Z] Conectando a Edge vía CDP...
[2025-09-20T23:45:34.167Z] CDP conectado.
[2025-09-20T23:45:34.207Z] DB: conectado
[2025-09-20T23:45:34.208Z] Correos a consultar (lower): 1
[2025-09-20T23:45:34.221Z] Filas desde fetchByCorreos (futuras): 6
[2025-09-20T23:45:34.222Z] grouped.size=6 skippedPhone=0 skippedNoClave=0
[2025-09-20T23:45:34.266Z] Recipients: 6
[2025-09-20T23:45:34.267Z] gapEnv=8000
[2025-09-20T23:45:34.269Z] Enviando [1/6] 573012646703 | yacaura309@gmail.com items=1
[2025-09-20T23:45:56.025Z] OK 573012646703 | yacaura309@gmail.com
[2025-09-20T23:45:56.026Z] Enviando [2/6] 573142207818 | yacaura309@gmail.com items=1
[2025-09-20T23:46:14.367Z] OK 573142207818 | yacaura309@gmail.com
[2025-09-20T23:46:14.369Z] Enviando [3/6] 573146286055 | yacaura309@gmail.com items=1
[2025-09-20T23:46:33.478Z] OK 573146286055 | yacaura309@gmail.com
[2025-09-20T23:46:33.480Z] Enviando [4/6] 573213088307 | yacaura309@gmail.com items=1
[2025-09-20T23:46:52.902Z] OK 573213088307 | yacaura309@gmail.com
[2025-09-20T23:46:52.902Z] Enviando [5/6] 573238144675 | yacaura309@gmail.com items=1
[2025-09-20T23:47:14.527Z] OK 573238144675 | yacaura309@gmail.com
[2025-09-20T23:47:14.529Z] Enviando [6/6] 573506587991 | yacaura309@gmail.com items=1
[2025-09-20T23:47:33.300Z] OK 573506587991 | yacaura309@gmail.com
[2025-09-20T23:47:33.300Z] ✅ Notificaciones terminadas.
[2025-09-20T23:47:33.790Z] Edge cerrado.
[2025-09-21T00:00:51.034Z] LOG_FILE=C:\Users\LENOVO\Documents\medplayapp\medplay-web\.logs\notify-password-changes.log
[2025-09-21T00:00:51.036Z] == inicio notify-password-changes ==
[2025-09-21T00:00:51.037Z] items recibidos: 1
[2025-09-21T00:00:51.037Z] BAT_PATH=C:\Users\LENOVO\Documents\medplayapp\medplay-web\bat\start-edge-wa.bat
[2025-09-21T00:00:52.280Z] Esperando CDP en 127.0.0.1:9222...
[2025-09-21T00:00:52.498Z] CDP ok: true
[2025-09-21T00:00:52.499Z] Conectando a Edge vía CDP...
[2025-09-21T00:00:53.493Z] CDP conectado.
[2025-09-21T00:00:53.550Z] DB: conectado
[2025-09-21T00:00:53.550Z] Correos a consultar (lower): 1
[2025-09-21T00:00:53.567Z] Filas desde fetchByCorreos (futuras): 3
[2025-09-21T00:00:53.568Z] grouped.size=3 skippedPhone=0 skippedNoClave=0
[2025-09-21T00:00:53.596Z] Recipients: 3
[2025-09-21T00:00:53.597Z] gapEnv=8000
[2025-09-21T00:00:53.599Z] Enviando [1/3] 573005089661 | contasj382df@myven.co items=1
[2025-09-21T00:01:13.567Z] OK 573005089661 | contasj382df@myven.co
[2025-09-21T00:01:13.568Z] Enviando [2/3] 573015204686 | contasj382df@myven.co items=1
[2025-09-21T00:01:33.909Z] OK 573015204686 | contasj382df@myven.co
[2025-09-21T00:01:33.911Z] Enviando [3/3] 573234736999 | contasj382df@myven.co items=1
[2025-09-21T00:01:53.883Z] OK 573234736999 | contasj382df@myven.co
[2025-09-21T00:01:53.885Z] ✅ Notificaciones terminadas.
[2025-09-21T00:01:54.235Z] Edge cerrado.
[2025-09-21T00:05:00.249Z] LOG_FILE=C:\Users\LENOVO\Documents\medplayapp\medplay-web\.logs\notify-password-changes.log
[2025-09-21T00:05:00.250Z] == inicio notify-password-changes ==
[2025-09-21T00:05:00.251Z] items recibidos: 1
[2025-09-21T00:05:00.251Z] BAT_PATH=C:\Users\LENOVO\Documents\medplayapp\medplay-web\bat\start-edge-wa.bat
[2025-09-21T00:05:01.488Z] Esperando CDP en 127.0.0.1:9222...
[2025-09-21T00:05:01.547Z] CDP ok: true
[2025-09-21T00:05:01.547Z] Conectando a Edge vía CDP...
[2025-09-21T00:05:02.277Z] CDP conectado.
[2025-09-21T00:05:02.318Z] DB: conectado
[2025-09-21T00:05:02.319Z] Correos a consultar (lower): 1
[2025-09-21T00:05:02.335Z] Filas desde fetchByCorreos (futuras): 8
[2025-09-21T00:05:02.337Z] grouped.size=7 skippedPhone=0 skippedNoClave=0
[2025-09-21T00:05:02.354Z] Recipients: 7
[2025-09-21T00:05:02.355Z] gapEnv=8000
[2025-09-21T00:05:02.356Z] Enviando [1/7] 573003758897 | medplay93+d3@gmail.com items=1
[2025-09-21T00:05:21.856Z] OK 573003758897 | medplay93+d3@gmail.com
[2025-09-21T00:05:21.858Z] Enviando [2/7] 573053094699 | medplay93+d3@gmail.com items=1
[2025-09-21T00:05:36.873Z] OK 573053094699 | medplay93+d3@gmail.com
[2025-09-21T00:05:36.874Z] Enviando [3/7] 573108742028 | medplay93+d3@gmail.com items=1
[2025-09-21T00:05:51.913Z] OK 573108742028 | medplay93+d3@gmail.com
[2025-09-21T00:05:51.914Z] Enviando [4/7] 573116127972 | medplay93+d3@gmail.com items=1
[2025-09-21T00:06:06.359Z] OK 573116127972 | medplay93+d3@gmail.com
[2025-09-21T00:06:06.360Z] Enviando [5/7] 573126477856 | medplay93+d3@gmail.com items=1
[2025-09-21T00:06:21.455Z] OK 573126477856 | medplay93+d3@gmail.com
[2025-09-21T00:06:21.457Z] Enviando [6/7] 573152990685 | medplay93+d3@gmail.com items=1
[2025-09-21T00:06:36.288Z] OK 573152990685 | medplay93+d3@gmail.com
[2025-09-21T00:06:36.289Z] Enviando [7/7] 573156626542 | medplay93+d3@gmail.com items=1
[2025-09-21T00:06:51.624Z] OK 573156626542 | medplay93+d3@gmail.com
[2025-09-21T00:06:51.625Z] ✅ Notificaciones terminadas.
[2025-09-21T00:06:51.961Z] Edge cerrado.
[2025-09-23T02:45:48.199Z] LOG_FILE=C:\Users\LENOVO\Documents\medplayapp\medplay-web\.logs\notify-password-changes.log
[2025-09-23T02:45:48.209Z] == inicio notify-password-changes ==
[2025-09-23T02:45:48.210Z] items recibidos: 1
[2025-09-23T02:45:48.210Z] BAT_PATH=C:\Users\LENOVO\Documents\medplayapp\medplay-web\bat\start-edge-wa.bat
[2025-09-23T02:45:49.462Z] Esperando CDP en 127.0.0.1:9222...
[2025-09-23T02:45:49.616Z] CDP ok: true
[2025-09-23T02:45:49.616Z] Conectando a Edge vía CDP...
[2025-09-23T02:45:50.424Z] CDP conectado.
[2025-09-23T02:45:50.491Z] DB: conectado
[2025-09-23T02:45:50.492Z] Correos a consultar (lower): 1
[2025-09-23T02:45:50.519Z] Filas desde fetchByCorreos (futuras): 4
[2025-09-23T02:45:50.520Z] grouped.size=4 skippedPhone=0 skippedNoClave=0
[2025-09-23T02:45:50.571Z] Recipients: 4
[2025-09-23T02:45:50.572Z] gapEnv=8000
[2025-09-23T02:45:50.573Z] Enviando [1/4] 573007365749 | medplay93+8787@gmail.com items=1
[2025-09-23T02:46:20.587Z] sendViaWhatsApp intento 1 falló (573007365749): page.goto: Timeout 30000ms exceeded.
Call log:
[2m  - navigating to "https://web.whatsapp.com/send?phone=573007365749&text=Hola%20Brayan%2C%20te%20notificamos%20el%20*cambio%20de%20contrase%C3%B1a*%20asociado%20a%20tu%20correo%3A%20*medplay93%2B8787%40gmail.com*.%0A%0A%E2%80%A2%20MAX%20%E2%80%94%20Pantalla%20%7C%20*Pantalla%201%20y%202*%20%7C%20vence%3A%2002%2F10%2F2025%0A%0A*La%20nueva%20contrase%C3%B1a%20es%3A*%20medtru322%40%40.%0ANo%20la%20compartas%20con%20nadie%3B%20%C2%A1que%20est%C3%A9s%20s%C3%BAper%20bien!%0A*Recuerda%20tu%20pantalla%20es%20la%20que%20ves%20arriba%3B%20solo%20puedes%20utilizar%20esa.*%0A%0A%0ANOTA%3A*NO%20MODIFICAR%20LOS%20NUMEROS%20DEL%20PERFIL%2C%20USAR%20UNICAMENTE%20EL%20QUE%20SE%20LE%20ASIGNO%20SIN%20CAMBIARLO*%0APARA%20EVITAR%20CODIGOS%20DEBES%20BORRAR%20HISTORIAL%20Y%20COOKIES%20----%3E%20%20%20%20%0AEN%20CELULAR%3A%20https%3A%2F%2Fwww.youtube.com%2Fwatch%3Fv%3DrEsApVI1-lk%0AEN%20EL%20COMPUTADOR%3A%20https%3A%2F%2Fwww.youtube.com%2Fwatch%3Fv%3D2pYn4px0YWI", waiting until "domcontentloaded"[22m

[2025-09-23T02:47:22.697Z] sendViaWhatsApp intento 2 falló (573007365749): page.waitForSelector: Timeout 60000ms exceeded.
Call log:
[2m  - waiting for locator('div[role="textbox"][contenteditable="true"]') to be visible[22m

[2025-09-23T02:48:29.315Z] OK 573007365749 | medplay93+8787@gmail.com
[2025-09-23T02:48:29.316Z] Enviando [2/4] 573105572529 | medplay93+8787@gmail.com items=1
[2025-09-23T02:48:45.634Z] OK 573105572529 | medplay93+8787@gmail.com
[2025-09-23T02:48:45.634Z] Enviando [3/4] 573142207818 | medplay93+8787@gmail.com items=1
[2025-09-23T02:48:59.979Z] OK 573142207818 | medplay93+8787@gmail.com
[2025-09-23T02:48:59.980Z] Enviando [4/4] 573175779269 | medplay93+8787@gmail.com items=1
[2025-09-23T02:49:16.405Z] OK 573175779269 | medplay93+8787@gmail.com
[2025-09-23T02:49:16.406Z] ✅ Notificaciones terminadas.
[2025-09-23T02:49:16.774Z] Edge cerrado.
